# JRE version: Java(TM) SE Runtime Environment (17.0.6+9) (build 17.0.6+9-LTS-190)
# Java VM: Java HotSpot(TM) 64-Bit Server VM (17.0.6+9-LTS-190, mixed mode, sharing, tiered, compressed oops, compressed class ptrs, g1 gc, windows-amd64)
GC Precious Log:
 CPUs: 8 total, 8 available
 Memory: 16316M
 Large Page Support: Disabled
 NUMA Support: Disabled
 Compressed Oops: Enabled (Zero based)
 Heap Region Size: 2M
 Heap Min Capacity: 8M
 Heap Initial Capacity: 256M
 Heap Max Capacity: 4080M
 Pre-touch: Disabled
 Parallel Workers: 8
 Concurrent Workers: 2
 Concurrent Refinement Workers: 8
 Periodic GC: Disabled
Heap:
 garbage-first heap   total 49152K, used 19247K [0x0000000701000000, 0x0000000800000000)
  region size 2048K, 4 young (8192K), 2 survivors (4096K)
 Metaspace       used 30557K, committed 31040K, reserved 1081344K
  class space    used 3817K, committed 4032K, reserved 1048576K
GC Heap History (10 events):
Event: 1.734 GC heap before
{Heap before GC invocations=0 (full 0):
 garbage-first heap   total 262144K, used 22528K [0x0000000701000000, 0x0000000800000000)
  region size 2048K, 11 young (22528K), 0 survivors (0K)
 Metaspace       used 5755K, committed 5952K, reserved 1056768K
  class space    used 672K, committed 768K, reserved 1048576K
}
Event: 1.741 GC heap after
{Heap after GC invocations=1 (full 0):
 garbage-first heap   total 262144K, used 6379K [0x0000000701000000, 0x0000000800000000)
  region size 2048K, 2 young (4096K), 2 survivors (4096K)
 Metaspace       used 5755K, committed 5952K, reserved 1056768K
  class space    used 672K, committed 768K, reserved 1048576K
}
Event: 2.860 GC heap before
{Heap before GC invocations=1 (full 0):
 garbage-first heap   total 262144K, used 30955K [0x0000000701000000, 0x0000000800000000)
  region size 2048K, 14 young (28672K), 2 survivors (4096K)
 Metaspace       used 11796K, committed 11968K, reserved 1064960K
  class space    used 1417K, committed 1472K, reserved 1048576K
}
Event: 2.867 GC heap after
{Heap after GC invocations=2 (full 0):
 garbage-first heap   total 262144K, used 8321K [0x0000000701000000, 0x0000000800000000)
  region size 2048K, 2 young (4096K), 2 survivors (4096K)
 Metaspace       used 11796K, committed 11968K, reserved 1064960K
  class space    used 1417K, committed 1472K, reserved 1048576K
}
Event: 6.203 GC heap before
{Heap before GC invocations=2 (full 0):
 garbage-first heap   total 262144K, used 63617K [0x0000000701000000, 0x0000000800000000)
  region size 2048K, 30 young (61440K), 2 survivors (4096K)
 Metaspace       used 21186K, committed 21504K, reserved 1073152K
  class space    used 2652K, committed 2752K, reserved 1048576K
}
Event: 6.216 GC heap after
{Heap after GC invocations=3 (full 0):
 garbage-first heap   total 262144K, used 12114K [0x0000000701000000, 0x0000000800000000)
  region size 2048K, 3 young (6144K), 3 survivors (6144K)
 Metaspace       used 21186K, committed 21504K, reserved 1073152K
  class space    used 2652K, committed 2752K, reserved 1048576K
}
Event: 9.099 GC heap before
{Heap before GC invocations=4 (full 0):
 garbage-first heap   total 49152K, used 34642K [0x0000000701000000, 0x0000000800000000)
  region size 2048K, 15 young (30720K), 3 survivors (6144K)
 Metaspace       used 26274K, committed 26688K, reserved 1073152K
  class space    used 3333K, committed 3520K, reserved 1048576K
}
Event: 9.111 GC heap after
{Heap after GC invocations=5 (full 0):
 garbage-first heap   total 49152K, used 15066K [0x0000000701000000, 0x0000000800000000)
  region size 2048K, 5 young (10240K), 5 survivors (10240K)
 Metaspace       used 26274K, committed 26688K, reserved 1073152K
  class space    used 3333K, committed 3520K, reserved 1048576K
}
Event: 11.119 GC heap before
{Heap before GC invocations=5 (full 0):
 garbage-first heap   total 49152K, used 31450K [0x0000000701000000, 0x0000000800000000)
  region size 2048K, 13 young (26624K), 5 survivors (10240K)
 Metaspace       used 30100K, committed 30528K, reserved 1081344K
  class space    used 3754K, committed 3968K, reserved 1048576K
}
Event: 11.136 GC heap after
{Heap after GC invocations=6 (full 0):
 garbage-first heap   total 49152K, used 17199K [0x0000000701000000, 0x0000000800000000)
  region size 2048K, 2 young (4096K), 2 survivors (4096K)
 Metaspace       used 30100K, committed 30528K, reserved 1081344K
  class space    used 3754K, committed 3968K, reserved 1048576K
}

