# JRE version: Java(TM) SE Runtime Environment (17.0.6+9) (build 17.0.6+9-LTS-190)
# Java VM: Java HotSpot(TM) 64-Bit Server VM (17.0.6+9-LTS-190, mixed mode, sharing, tiered, compressed oops, compressed class ptrs, g1 gc, windows-amd64)
GC Precious Log:
 CPUs: 8 total, 8 available
 Memory: 16316M
 Large Page Support: Disabled
 NUMA Support: Disabled
 Compressed Oops: Enabled (Zero based)
 Heap Region Size: 2M
 Heap Min Capacity: 8M
 Heap Initial Capacity: 256M
 Heap Max Capacity: 4080M
 Pre-touch: Disabled
 Parallel Workers: 8
 Concurrent Workers: 2
 Concurrent Refinement Workers: 8
 Periodic GC: Disabled
Heap:
 garbage-first heap   total 55296K, used 37442K [0x0000000701000000, 0x0000000800000000)
  region size 2048K, 6 young (12288K), 1 survivors (2048K)
 Metaspace       used 66911K, committed 67520K, reserved 1114112K
  class space    used 9160K, committed 9472K, reserved 1048576K
GC Heap History (20 events):
Event: 18.941 GC heap before
{Heap before GC invocations=18 (full 0):
 garbage-first heap   total 55296K, used 40320K [0x0000000701000000, 0x0000000800000000)
  region size 2048K, 9 young (18432K), 2 survivors (4096K)
 Metaspace       used 62060K, committed 62528K, reserved 1105920K
  class space    used 8595K, committed 8832K, reserved 1048576K
}
Event: 18.944 GC heap after
{Heap after GC invocations=19 (full 0):
 garbage-first heap   total 55296K, used 28774K [0x0000000701000000, 0x0000000800000000)
  region size 2048K, 2 young (4096K), 2 survivors (4096K)
 Metaspace       used 62060K, committed 62528K, reserved 1105920K
  class space    used 8595K, committed 8832K, reserved 1048576K
}
Event: 19.009 GC heap before
{Heap before GC invocations=19 (full 0):
 garbage-first heap   total 55296K, used 28774K [0x0000000701000000, 0x0000000800000000)
  region size 2048K, 3 young (6144K), 2 survivors (4096K)
 Metaspace       used 62630K, committed 63168K, reserved 1105920K
  class space    used 8660K, committed 8896K, reserved 1048576K
}
Event: 19.013 GC heap after
{Heap after GC invocations=20 (full 0):
 garbage-first heap   total 55296K, used 28603K [0x0000000701000000, 0x0000000800000000)
  region size 2048K, 1 young (2048K), 1 survivors (2048K)
 Metaspace       used 62630K, committed 63168K, reserved 1105920K
  class space    used 8660K, committed 8896K, reserved 1048576K
}
Event: 53.912 GC heap before
{Heap before GC invocations=20 (full 0):
 garbage-first heap   total 55296K, used 42939K [0x0000000701000000, 0x0000000800000000)
  region size 2048K, 8 young (16384K), 1 survivors (2048K)
 Metaspace       used 65719K, committed 66368K, reserved 1105920K
  class space    used 9081K, committed 9408K, reserved 1048576K
}
Event: 53.914 GC heap after
{Heap after GC invocations=21 (full 0):
 garbage-first heap   total 55296K, used 29558K [0x0000000701000000, 0x0000000800000000)
  region size 2048K, 1 young (2048K), 1 survivors (2048K)
 Metaspace       used 65719K, committed 66368K, reserved 1105920K
  class space    used 9081K, committed 9408K, reserved 1048576K
}
Event: 281.952 GC heap before
{Heap before GC invocations=22 (full 0):
 garbage-first heap   total 55296K, used 43894K [0x0000000701000000, 0x0000000800000000)
  region size 2048K, 8 young (16384K), 1 survivors (2048K)
 Metaspace       used 65787K, committed 66432K, reserved 1105920K
  class space    used 9082K, committed 9408K, reserved 1048576K
}
Event: 281.953 GC heap after
{Heap after GC invocations=23 (full 0):
 garbage-first heap   total 55296K, used 29613K [0x0000000701000000, 0x0000000800000000)
  region size 2048K, 1 young (2048K), 1 survivors (2048K)
 Metaspace       used 65787K, committed 66432K, reserved 1105920K
  class space    used 9082K, committed 9408K, reserved 1048576K
}
Event: 310.343 GC heap before
{Heap before GC invocations=23 (full 0):
 garbage-first heap   total 55296K, used 31661K [0x0000000701000000, 0x0000000800000000)
  region size 2048K, 2 young (4096K), 1 survivors (2048K)
 Metaspace       used 65805K, committed 66432K, reserved 1105920K
  class space    used 9084K, committed 9408K, reserved 1048576K
}
Event: 310.348 GC heap after
{Heap after GC invocations=24 (full 0):
 garbage-first heap   total 55296K, used 29248K [0x0000000701000000, 0x0000000800000000)
  region size 2048K, 1 young (2048K), 1 survivors (2048K)
 Metaspace       used 65805K, committed 66432K, reserved 1105920K
  class space    used 9084K, committed 9408K, reserved 1048576K
}
Event: 310.398 GC heap before
{Heap before GC invocations=24 (full 0):
 garbage-first heap   total 55296K, used 29248K [0x0000000701000000, 0x0000000800000000)
  region size 2048K, 2 young (4096K), 1 survivors (2048K)
 Metaspace       used 65982K, committed 66624K, reserved 1114112K
  class space    used 9119K, committed 9408K, reserved 1048576K
}
Event: 310.471 GC heap after
{Heap after GC invocations=25 (full 1):
 garbage-first heap   total 55296K, used 24942K [0x0000000701000000, 0x0000000800000000)
  region size 2048K, 0 young (0K), 0 survivors (0K)
 Metaspace       used 65982K, committed 66624K, reserved 1114112K
  class space    used 9119K, committed 9408K, reserved 1048576K
}
Event: 311.218 GC heap before
{Heap before GC invocations=25 (full 1):
 garbage-first heap   total 55296K, used 43374K [0x0000000701000000, 0x0000000800000000)
  region size 2048K, 9 young (18432K), 0 survivors (0K)
 Metaspace       used 66145K, committed 66752K, reserved 1114112K
  class space    used 9133K, committed 9408K, reserved 1048576K
}
Event: 311.221 GC heap after
{Heap after GC invocations=26 (full 1):
 garbage-first heap   total 55296K, used 26727K [0x0000000701000000, 0x0000000800000000)
  region size 2048K, 1 young (2048K), 1 survivors (2048K)
 Metaspace       used 66145K, committed 66752K, reserved 1114112K
  class space    used 9133K, committed 9408K, reserved 1048576K
}
Event: 311.676 GC heap before
{Heap before GC invocations=27 (full 1):
 garbage-first heap   total 55296K, used 43111K [0x0000000701000000, 0x0000000800000000)
  region size 2048K, 9 young (18432K), 1 survivors (2048K)
 Metaspace       used 66441K, committed 67008K, reserved 1114112K
  class space    used 9144K, committed 9408K, reserved 1048576K
}
Event: 311.680 GC heap after
{Heap after GC invocations=28 (full 1):
 garbage-first heap   total 55296K, used 27908K [0x0000000701000000, 0x0000000800000000)
  region size 2048K, 2 young (4096K), 2 survivors (4096K)
 Metaspace       used 66441K, committed 67008K, reserved 1114112K
  class space    used 9144K, committed 9408K, reserved 1048576K
}
Event: 311.686 GC heap before
{Heap before GC invocations=28 (full 1):
 garbage-first heap   total 55296K, used 29956K [0x0000000701000000, 0x0000000800000000)
  region size 2048K, 3 young (6144K), 2 survivors (4096K)
 Metaspace       used 66444K, committed 67008K, reserved 1114112K
  class space    used 9144K, committed 9408K, reserved 1048576K
}
Event: 311.690 GC heap after
{Heap after GC invocations=29 (full 1):
 garbage-first heap   total 55296K, used 28272K [0x0000000701000000, 0x0000000800000000)
  region size 2048K, 1 young (2048K), 1 survivors (2048K)
 Metaspace       used 66444K, committed 67008K, reserved 1114112K
  class space    used 9144K, committed 9408K, reserved 1048576K
}
Event: 312.182 GC heap before
{Heap before GC invocations=29 (full 1):
 garbage-first heap   total 55296K, used 42608K [0x0000000701000000, 0x0000000800000000)
  region size 2048K, 8 young (16384K), 1 survivors (2048K)
 Metaspace       used 66767K, committed 67328K, reserved 1114112K
  class space    used 9155K, committed 9408K, reserved 1048576K
}
Event: 312.185 GC heap after
{Heap after GC invocations=30 (full 1):
 garbage-first heap   total 55296K, used 29250K [0x0000000701000000, 0x0000000800000000)
  region size 2048K, 1 young (2048K), 1 survivors (2048K)
 Metaspace       used 66767K, committed 67328K, reserved 1114112K
  class space    used 9155K, committed 9408K, reserved 1048576K
}

